Flutter crash report; please file at https://github.com/flutter/flutter/issues.

## command

flutter run -d 00d08331b1b235b1

## exception

String: Exit code 1 from: /Users/zarah/Library/Android/sdk/platform-tools/adb -s 00d08331b1b235b1 shell pm list packages io.flutter.plugins.sensors_example

```
#0      runCheckedAsync (package:flutter_tools/src/base/process.dart:214)
<asynchronous suspension>
#1      AndroidDevice.isAppInstalled (package:flutter_tools/src/android/android_device.dart:245)
<asynchronous suspension>
#2      AndroidDevice._installLatestApp (package:flutter_tools/src/android/android_device.dart:305)
<asynchronous suspension>
#3      AndroidDevice.startApp (package:flutter_tools/src/android/android_device.dart:367)
<asynchronous suspension>
#4      FlutterDevice.runHot (package:flutter_tools/src/resident_runner.dart:233)
<asynchronous suspension>
#5      HotRunner.run (package:flutter_tools/src/run_hot.dart:183)
<asynchronous suspension>
#6      RunCommand.runCommand (package:flutter_tools/src/commands/run.dart:329)
<asynchronous suspension>
#7      FlutterCommand.verifyThenRunCommand (package:flutter_tools/src/runner/flutter_command.dart:210)
<asynchronous suspension>
#8      RunCommand.verifyThenRunCommand (package:flutter_tools/src/commands/run.dart:217)
<asynchronous suspension>
#9      FlutterCommand.run (package:flutter_tools/src/runner/flutter_command.dart:156)
<asynchronous suspension>
#10     CommandRunner.runCommand (package:args/command_runner.dart:194)
<asynchronous suspension>
#11     FlutterCommandRunner.runCommand (package:flutter_tools/src/runner/flutter_command_runner.dart:277)
<asynchronous suspension>
#12     CommandRunner.run.<anonymous closure> (package:args/command_runner.dart:109)
#13     new Future.sync (dart:async/future.dart:206)
#14     CommandRunner.run (package:args/command_runner.dart:109)
#15     FlutterCommandRunner.run (package:flutter_tools/src/runner/flutter_command_runner.dart:161)
#16     run.<anonymous closure> (package:flutter_tools/executable.dart:142)
<asynchronous suspension>
#17     AppContext._run (package:flutter_tools/src/base/context.dart:76)
<asynchronous suspension>
#18     AppContext.runInZone.<anonymous closure> (package:flutter_tools/src/base/context.dart:66)
#19     _rootRun (dart:async/zone.dart:1120)
#20     _CustomZone.run (dart:async/zone.dart:1001)
#21     runZoned (dart:async/zone.dart:1467)
#22     AppContext.runInZone (package:flutter_tools/src/base/context.dart:65)
#23     run (package:flutter_tools/executable.dart:114)
<asynchronous suspension>
#24     main (package:flutter_tools/executable.dart:67)
<asynchronous suspension>
#25     main (file:///Users/zarah/flutter/packages/flutter_tools/bin/flutter_tools.dart:16)
#26     _startIsolate.<anonymous closure> (dart:isolate-patch/isolate_patch.dart:263)
#27     _RawReceivePortImpl._handleMessage (dart:isolate-patch/isolate_patch.dart:151)
```

## flutter doctor

```
[✓] Flutter (on Mac OS X 10.12.4 16E195, locale en-US, channel master)
    • Flutter at /Users/zarah/flutter
    • Framework revision e38f92df9a (30 hours ago), 2017-06-12 22:48:51 -0700
    • Engine revision 4f5d6fab11
    • Tools Dart version 1.24.0-dev.6.7

[✓] Android toolchain - develop for Android devices (Android SDK 25.0.3)
    • Android SDK at /Users/zarah/Library/Android/sdk
    • Platform android-25, build-tools 25.0.3
    • Java binary at: /Applications/Android Studio.app/Contents/jre/jdk/Contents/Home/bin/java
    • Java version OpenJDK Runtime Environment (build 1.8.0_112-release-b06)

[✓] iOS toolchain - develop for iOS devices (Xcode 8.3.2)
    • Xcode at /Applications/Xcode.app/Contents/Developer
    • Xcode 8.3.2, Build version 8E2002
    • ios-deploy 1.9.1
    • CocoaPods version 1.2.1

[✓] Android Studio (version 2.3)
    • Android Studio at /Applications/Android Studio.app/Contents
    • Gradle version 3.2
    • Java version OpenJDK Runtime Environment (build 1.8.0_112-release-b06)

[-] IntelliJ IDEA Community Edition (version 2017.1.2)
    ✗ Flutter plugin version 13.1 - the recommended minimum version is 14.0.0
    • Dart plugin version 171.4424
    • For information about managing plugins, see
      https://www.jetbrains.com/help/idea/managing-plugins.html

[✓] Connected devices
    • Nexus 5X • 00d08331b1b235b1                     • android-arm • Android 7.1.1 (API 25)
    • iPhone 6 • B540C79B-5DF9-42FE-8A19-ED9D42FE7042 • ios         • iOS 10.3 (simulator)

```
