Flutter crash report; please file at https://github.com/flutter/flutter/issues.

## command

flutter run -d 00d08331b1b235b1

## exception

FileSystemException: FileSystemException: Cannot copy file to 'android/app/build/outputs/apk/app.apk', path = 'android/app/build/outputs/apk/app-debug.apk' (OS Error: No such file or directory, errno = 2)

```
#0      _File.throwIfError (dart:io/file_impl.dart:599)
#1      _File.copySync (dart:io/file_impl.dart:321)
#2      _LocalFileSystemEntity&ForwardingFile.copySync (package:file/src/forwarding/forwarding_file.dart:25)
#3      buildGradleProjectV2 (package:flutter_tools/src/android/gradle.dart:250)
<asynchronous suspension>
#4      buildGradleProject (package:flutter_tools/src/android/gradle.dart:192)
<asynchronous suspension>
#5      buildApk (package:flutter_tools/src/commands/build_apk.dart:83)
<asynchronous suspension>
#6      AndroidDevice.startApp (package:flutter_tools/src/android/android_device.dart:354)
<asynchronous suspension>
#7      FlutterDevice.runHot (package:flutter_tools/src/resident_runner.dart:233)
<asynchronous suspension>
#8      HotRunner.run (package:flutter_tools/src/run_hot.dart:183)
<asynchronous suspension>
#9      RunCommand.runCommand (package:flutter_tools/src/commands/run.dart:329)
<asynchronous suspension>
#10     FlutterCommand.verifyThenRunCommand (package:flutter_tools/src/runner/flutter_command.dart:210)
<asynchronous suspension>
#11     RunCommand.verifyThenRunCommand (package:flutter_tools/src/commands/run.dart:217)
<asynchronous suspension>
#12     FlutterCommand.run (package:flutter_tools/src/runner/flutter_command.dart:156)
<asynchronous suspension>
#13     CommandRunner.runCommand (package:args/command_runner.dart:194)
<asynchronous suspension>
#14     FlutterCommandRunner.runCommand (package:flutter_tools/src/runner/flutter_command_runner.dart:277)
<asynchronous suspension>
#15     CommandRunner.run.<anonymous closure> (package:args/command_runner.dart:109)
#16     new Future.sync (dart:async/future.dart:206)
#17     CommandRunner.run (package:args/command_runner.dart:109)
#18     FlutterCommandRunner.run (package:flutter_tools/src/runner/flutter_command_runner.dart:161)
#19     run.<anonymous closure> (package:flutter_tools/executable.dart:142)
<asynchronous suspension>
#20     AppContext._run (package:flutter_tools/src/base/context.dart:76)
<asynchronous suspension>
#21     AppContext.runInZone.<anonymous closure> (package:flutter_tools/src/base/context.dart:66)
#22     _rootRun (dart:async/zone.dart:1120)
#23     _CustomZone.run (dart:async/zone.dart:1001)
#24     runZoned (dart:async/zone.dart:1467)
#25     AppContext.runInZone (package:flutter_tools/src/base/context.dart:65)
#26     run (package:flutter_tools/executable.dart:114)
<asynchronous suspension>
#27     main (package:flutter_tools/executable.dart:67)
<asynchronous suspension>
#28     main (file:///Users/zarah/flutter/packages/flutter_tools/bin/flutter_tools.dart:16)
#29     _startIsolate.<anonymous closure> (dart:isolate-patch/isolate_patch.dart:263)
#30     _RawReceivePortImpl._handleMessage (dart:isolate-patch/isolate_patch.dart:151)
```

## flutter doctor

```
[✓] Flutter (on Mac OS X 10.12.4 16E195, locale en-US, channel master)
    • Flutter at /Users/zarah/flutter
    • Framework revision e38f92df9a (27 hours ago), 2017-06-12 22:48:51 -0700
    • Engine revision 4f5d6fab11
    • Tools Dart version 1.24.0-dev.6.7

[✓] Android toolchain - develop for Android devices (Android SDK 25.0.3)
    • Android SDK at /Users/zarah/Library/Android/sdk
    • Platform android-25, build-tools 25.0.3
    • Java binary at: /Applications/Android Studio.app/Contents/jre/jdk/Contents/Home/bin/java
    • Java version OpenJDK Runtime Environment (build 1.8.0_112-release-b06)

[✓] iOS toolchain - develop for iOS devices (Xcode 8.3.2)
    • Xcode at /Applications/Xcode.app/Contents/Developer
    • Xcode 8.3.2, Build version 8E2002
    • ios-deploy 1.9.1
    • CocoaPods version 1.2.1

[✓] Android Studio (version 2.3)
    • Android Studio at /Applications/Android Studio.app/Contents
    • Gradle version 3.2
    • Java version OpenJDK Runtime Environment (build 1.8.0_112-release-b06)

[-] IntelliJ IDEA Community Edition (version 2017.1.2)
    ✗ Flutter plugin version 13.1 - the recommended minimum version is 14.0.0
    • Dart plugin version 171.4424
    • For information about managing plugins, see
      https://www.jetbrains.com/help/idea/managing-plugins.html

[✓] Connected devices
    • Nexus 5X • 00d08331b1b235b1                     • android-arm • Android 7.1.1 (API 25)
    • iPhone 6 • B540C79B-5DF9-42FE-8A19-ED9D42FE7042 • ios         • iOS 10.3 (simulator)

```
