Flutter crash report; please file at https://github.com/flutter/flutter/issues.

## command

flutter test

## exception

NoSuchMethodError: NoSuchMethodError: The method 'shutdown' was called on null.
Receiver: null
Tried calling: shutdown()

```
#0      Object.noSuchMethod (dart:core-patch/dart:core/object_patch.dart:46)
#1      _Compiler.shutdown (package:flutter_tools/src/test/flutter_platform.dart:288)
<asynchronous suspension>
#2      _FlutterPlatform.close (package:flutter_tools/src/test/flutter_platform.dart:745)
<asynchronous suspension>
#3      Loader.close.<anonymous closure>.<anonymous closure> (package:test/src/runner/loader.dart:306)
<asynchronous suspension>
#4      MappedIterator.moveNext (dart:_internal/iterable.dart:392)
#5      Future.wait (dart:async/future.dart:385)
#6      Loader.close.<anonymous closure> (package:test/src/runner/loader.dart:304)
<asynchronous suspension>
#7      new Future.sync (dart:async/future.dart:222)
#8      AsyncMemoizer.runOnce (package:async/src/async_memoizer.dart:43)
#9      Loader.close (package:test/src/runner/loader.dart:302)
#10     Runner.close.<anonymous closure> (package:test/src/runner.dart:226)
<asynchronous suspension>
#11     new Future.sync (dart:async/future.dart:222)
#12     AsyncMemoizer.runOnce (package:async/src/async_memoizer.dart:43)
#13     Runner.close (package:test/src/runner.dart:198)
#14     main.close (package:test/src/executable.dart:165)
<asynchronous suspension>
#15     main (package:test/src/executable.dart:190)
<asynchronous suspension>
#16     runTests (package:flutter_tools/src/test/runner.dart:109)
<asynchronous suspension>
#17     TestCommand.runCommand (package:flutter_tools/src/commands/test.dart:216)
<asynchronous suspension>
#18     FlutterCommand.verifyThenRunCommand (package:flutter_tools/src/runner/flutter_command.dart:347)
<asynchronous suspension>
#19     FlutterCommand.run.<anonymous closure> (package:flutter_tools/src/runner/flutter_command.dart:282)
<asynchronous suspension>
#20     AppContext.run.<anonymous closure> (package:flutter_tools/src/base/context.dart:142)
<asynchronous suspension>
#21     _rootRun (dart:async/zone.dart:1126)
#22     _CustomZone.run (dart:async/zone.dart:1023)
#23     _runZoned (dart:async/zone.dart:1518)
#24     runZoned (dart:async/zone.dart:1465)
#25     AppContext.run (package:flutter_tools/src/base/context.dart:141)
<asynchronous suspension>
#26     FlutterCommand.run (package:flutter_tools/src/runner/flutter_command.dart:273)
#27     CommandRunner.runCommand (package:args/command_runner.dart:194)
<asynchronous suspension>
#28     FlutterCommandRunner.runCommand.<anonymous closure> (package:flutter_tools/src/runner/flutter_command_runner.dart:322)
<asynchronous suspension>
#29     AppContext.run.<anonymous closure> (package:flutter_tools/src/base/context.dart:142)
<asynchronous suspension>
#30     _rootRun (dart:async/zone.dart:1126)
#31     _CustomZone.run (dart:async/zone.dart:1023)
#32     _runZoned (dart:async/zone.dart:1518)
#33     runZoned (dart:async/zone.dart:1465)
#34     AppContext.run (package:flutter_tools/src/base/context.dart:141)
<asynchronous suspension>
#35     FlutterCommandRunner.runCommand (package:flutter_tools/src/runner/flutter_command_runner.dart:278)
<asynchronous suspension>
#36     CommandRunner.run.<anonymous closure> (package:args/command_runner.dart:109)
#37     new Future.sync (dart:async/future.dart:222)
#38     CommandRunner.run (package:args/command_runner.dart:109)
#39     FlutterCommandRunner.run (package:flutter_tools/src/runner/flutter_command_runner.dart:187)
#40     run.<anonymous closure> (package:flutter_tools/runner.dart:59)
<asynchronous suspension>
#41     AppContext.run.<anonymous closure> (package:flutter_tools/src/base/context.dart:142)
<asynchronous suspension>
#42     _rootRun (dart:async/zone.dart:1126)
#43     _CustomZone.run (dart:async/zone.dart:1023)
#44     _runZoned (dart:async/zone.dart:1518)
#45     runZoned (dart:async/zone.dart:1465)
#46     AppContext.run (package:flutter_tools/src/base/context.dart:141)
<asynchronous suspension>
#47     runInContext (package:flutter_tools/src/context_runner.dart:43)
<asynchronous suspension>
#48     run (package:flutter_tools/runner.dart:50)
#49     main (package:flutter_tools/executable.dart:49)
<asynchronous suspension>
#50     main (file:///Users/bmparr/Work/flutter/packages/flutter_tools/bin/flutter_tools.dart:8)
#51     _startIsolate.<anonymous closure> (dart:isolate-patch/dart:isolate/isolate_patch.dart:277)
#52     _RawReceivePortImpl._handleMessage (dart:isolate-patch/dart:isolate/isolate_patch.dart:165)
```

## flutter doctor

```
[✓] Flutter (Channel master, v0.2.11-pre.608, on Mac OS X 10.13.6 17G65, locale en-US)
    • Flutter version 0.2.11-pre.608 at /Users/bmparr/Work/flutter
    • Framework revision 0fa5ba43a1 (4 weeks ago), 2018-06-15 15:37:20 -0700
    • Engine revision c3976b3c71
    • Dart version 2.0.0-dev.61.0.flutter-c95617b19c

[✓] Android toolchain - develop for Android devices (Android SDK 27.0.3)
    • Android SDK at /Users/bmparr/Library/Android/sdk
    • Android NDK location not configured (optional; useful for native profiling support)
    • Platform android-27, build-tools 27.0.3
    • Java binary at: /Applications/Android Studio.app/Contents/jre/jdk/Contents/Home/bin/java
    • Java version OpenJDK Runtime Environment (build 1.8.0_152-release-1024-b01)
    • All Android licenses accepted.

[✓] iOS toolchain - develop for iOS devices (Xcode 9.4.1)
    • Xcode at /Applications/Xcode_941.app/Contents/Developer
    • Xcode 9.4.1, Build version 9F2000
    • ios-deploy 1.9.2
    • CocoaPods version 1.5.0

[✓] Android Studio (version 3.1)
    • Android Studio at /Applications/Android Studio.app/Contents
    • Flutter plugin version 25.0.1
    • Dart plugin version 173.4700
    • Java version OpenJDK Runtime Environment (build 1.8.0_152-release-1024-b01)

[✓] Connected devices (1 available)
    • Moto G 4 • ZY223TDX5L • android-arm • Android 7.0 (API 24)

• No issues found!
```
